\BOOKMARK [2][]{Outline0.1}{História}{}% 1
\BOOKMARK [2][]{Outline0.2}{Linguagem de marcação}{}% 2
\BOOKMARK [2][]{Outline0.3}{Exemplo de artigo}{}% 3
\BOOKMARK [2][]{Outline0.4}{Comandos}{}% 4
\BOOKMARK [3][]{Outline0.4.1.29}{Espaço em branco}{Outline0.4}% 5
\BOOKMARK [2][]{Outline0.5}{Símbolos especiais}{}% 6
\BOOKMARK [2][]{Outline0.6}{Preâmbulo do documento}{}% 7
\BOOKMARK [2][]{Outline0.7}{Corpo do documento}{}% 8
\BOOKMARK [2][]{Outline0.8}{Pacotes}{}% 9
\BOOKMARK [2][]{Outline0.9}{Fontes}{}% 10
\BOOKMARK [2][]{Outline0.10}{Layouts de página}{}% 11
\BOOKMARK [2][]{Outline0.11}{Posição do texto}{}% 12
\BOOKMARK [2][]{Outline0.12}{Listas}{}% 13
\BOOKMARK [2][]{Outline0.13}{Tabelas}{}% 14
\BOOKMARK [2][]{Outline0.14}{Imagens}{}% 15
\BOOKMARK [2][]{Outline0.15}{Matemática}{}% 16
\BOOKMARK [2][]{Outline0.16}{ABNTeX2}{}% 17
\BOOKMARK [2][]{Outline0.17}{Bibliografias}{}% 18
\BOOKMARK [2][]{Outline0.18}{Macros}{}% 19
\BOOKMARK [2][]{Outline0.19}{Pacotes úteis}{}% 20
\BOOKMARK [2][]{Outline0.20}{Pacotes para linguistas}{}% 21
